  [1m[35m (407.4ms)[0m  [1m[35mCREATE DATABASE "backend_clean_development" ENCODING = 'unicode'[0m
  [1m[35m (112.4ms)[0m  [1m[35mCREATE DATABASE "backend_clean_test" ENCODING = 'unicode'[0m
  [1m[35m (31.0ms)[0m  [1m[35mCREATE TABLE "schema_migrations" ("version" character varying NOT NULL PRIMARY KEY)[0m
  [1m[35m (11.2ms)[0m  [1m[35mCREATE TABLE "ar_internal_metadata" ("key" character varying NOT NULL PRIMARY KEY, "value" character varying, "created_at" timestamp(6) NOT NULL, "updated_at" timestamp(6) NOT NULL)[0m
  [1m[35m (1.8ms)[0m  [1m[34mSELECT pg_try_advisory_lock(3831979994993143245)[0m
  [1m[35m (1.1ms)[0m  [1m[34mSELECT "schema_migrations"."version" FROM "schema_migrations" ORDER BY "schema_migrations"."version" ASC[0m
Migrating to CreateUsers (20211101210020)
  [1m[35m (0.3ms)[0m  [1m[35mBEGIN[0m
  [1m[35m (15.5ms)[0m  [1m[35mCREATE TABLE "users" ("id" bigserial primary key, "username" character varying, "password" character varying, "created_at" timestamp(6) NOT NULL, "updated_at" timestamp(6) NOT NULL)[0m
  [1m[36mActiveRecord::SchemaMigration Create (3.0ms)[0m  [1m[32mINSERT INTO "schema_migrations" ("version") VALUES ($1) RETURNING "version"[0m  [["version", "20211101210020"]]
  [1m[35m (0.8ms)[0m  [1m[35mCOMMIT[0m
Migrating to CreateVideos (20211101210410)
  [1m[35m (0.6ms)[0m  [1m[35mBEGIN[0m
  [1m[35m (7.0ms)[0m  [1m[35mCREATE TABLE "videos" ("id" bigserial primary key, "url" character varying, "thumbnail" character varying, "title" character varying, "category" character varying, "created_at" timestamp(6) NOT NULL, "updated_at" timestamp(6) NOT NULL)[0m
  [1m[36mActiveRecord::SchemaMigration Create (0.6ms)[0m  [1m[32mINSERT INTO "schema_migrations" ("version") VALUES ($1) RETURNING "version"[0m  [["version", "20211101210410"]]
  [1m[35m (0.9ms)[0m  [1m[35mCOMMIT[0m
Migrating to CreateFavorites (20211101211555)
  [1m[35m (0.4ms)[0m  [1m[35mBEGIN[0m
  [1m[35m (12.7ms)[0m  [1m[35mCREATE TABLE "favorites" ("id" bigserial primary key, "user_id" bigint NOT NULL, "video_id" bigint NOT NULL, "created_at" timestamp(6) NOT NULL, "updated_at" timestamp(6) NOT NULL, CONSTRAINT "fk_rails_d15744e438"
FOREIGN KEY ("user_id")
  REFERENCES "users" ("id")
, CONSTRAINT "fk_rails_b24a5713a2"
FOREIGN KEY ("video_id")
  REFERENCES "videos" ("id")
)[0m
  [1m[35m (2.2ms)[0m  [1m[35mCREATE  INDEX  "index_favorites_on_user_id" ON "favorites"  ("user_id")[0m
  [1m[35m (2.5ms)[0m  [1m[35mCREATE  INDEX  "index_favorites_on_video_id" ON "favorites"  ("video_id")[0m
  [1m[36mActiveRecord::SchemaMigration Create (1.9ms)[0m  [1m[32mINSERT INTO "schema_migrations" ("version") VALUES ($1) RETURNING "version"[0m  [["version", "20211101211555"]]
  [1m[35m (0.6ms)[0m  [1m[35mCOMMIT[0m
Migrating to CreateFollows (20211101211708)
  [1m[35m (0.6ms)[0m  [1m[35mBEGIN[0m
  [1m[35m (3.6ms)[0m  [1m[35mCREATE TABLE "follows" ("id" bigserial primary key, "follower_id" integer, "follower_user_id" integer, "created_at" timestamp(6) NOT NULL, "updated_at" timestamp(6) NOT NULL)[0m
  [1m[36mActiveRecord::SchemaMigration Create (0.2ms)[0m  [1m[32mINSERT INTO "schema_migrations" ("version") VALUES ($1) RETURNING "version"[0m  [["version", "20211101211708"]]
  [1m[35m (0.6ms)[0m  [1m[35mCOMMIT[0m
  [1m[36mActiveRecord::InternalMetadata Load (0.4ms)[0m  [1m[34mSELECT "ar_internal_metadata".* FROM "ar_internal_metadata" WHERE "ar_internal_metadata"."key" = $1 LIMIT $2[0m  [["key", "environment"], ["LIMIT", 1]]
  [1m[35m (0.2ms)[0m  [1m[35mBEGIN[0m
  [1m[36mActiveRecord::InternalMetadata Create (0.7ms)[0m  [1m[32mINSERT INTO "ar_internal_metadata" ("key", "value", "created_at", "updated_at") VALUES ($1, $2, $3, $4) RETURNING "key"[0m  [["key", "environment"], ["value", "development"], ["created_at", "2021-11-01 21:17:56.637427"], ["updated_at", "2021-11-01 21:17:56.637427"]]
  [1m[35m (0.6ms)[0m  [1m[35mCOMMIT[0m
  [1m[35m (0.4ms)[0m  [1m[34mSELECT pg_advisory_unlock(3831979994993143245)[0m
  [1m[35m (0.8ms)[0m  [1m[34mSELECT "schema_migrations"."version" FROM "schema_migrations" ORDER BY "schema_migrations"."version" ASC[0m
